<testExecutions version="1">
</testExecutions>